{"C:\\Leonid\\Proga\\Frontend\\BookLibraryApp\\frontend\\src\\components\\container\\Container.tsx": {"path":"C:\\Leonid\\Proga\\Frontend\\BookLibraryApp\\frontend\\src\\components\\container\\Container.tsx","statementMap":{"0":{"start":{"line":3,"column":0},"end":{"line":3,"column":39}},"1":{"start":{"line":9,"column":25},"end":{"line":11,"column":1}},"2":{"start":{"line":9,"column":36},"end":{"line":9,"column":54}},"3":{"start":{"line":10,"column":2},"end":{"line":10,"column":55}},"4":{"start":{"line":9,"column":13},"end":{"line":9,"column":25}}},"fnMap":{"0":{"name":"(anonymous_1)","decl":{"start":{"line":9,"column":25},"end":{"line":9,"column":26}},"loc":{"start":{"line":9,"column":54},"end":{"line":11,"column":1}}}},"branchMap":{},"s":{"0":1,"1":1,"2":1,"3":1,"4":1},"f":{"0":1},"b":{}}
}
